<?xml version="1.0" encoding="UTF-8"?>
<!-- Generated by org.testng.reporters.JUnitReportReporter -->
<testsuite hostname="Natin" failures="0" tests="1" name="com.testing.code.Rediff_TestNG_Annotations" time="7.350" errors="0" timestamp="2022-07-31T15:30:01 EDT" skipped="0">
  <testcase classname="com.testing.code.Rediff_TestNG_Annotations" name="loginCredentials" time="7.350"/>
  <system-out/>
</testsuite> <!-- com.testing.code.Rediff_TestNG_Annotations -->
