<?xml version="1.0" encoding="UTF-8"?>
<!-- Generated by org.testng.reporters.JUnitReportReporter -->
<testsuite hostname="Natin" failures="0" tests="1" name="com.testing.code.Sequence_of_TestNG_Annotations" time="0.005" errors="0" timestamp="2022-07-30T21:36:46 EDT" skipped="0">
  <testcase classname="com.testing.code.Sequence_of_TestNG_Annotations" name="checkTest" time="0.005"/>
  <system-out/>
</testsuite> <!-- com.testing.code.Sequence_of_TestNG_Annotations -->
